setting the log value to: trace
Beginning the upload for 78 (png+json) pairs
started at: 1637672871981
wallet public key: 3mgEMZZ4jYCCc9N461PdDD423BEHWL7yCmwwKSozowE8
program id from anchor cndyAnrLdpjq1Ssp1z8xxDsB8dxe7u4HL5Nxi2K5WXZ
Processing file: 0
file 0 already has a link
Processing file: 1
file 1 already has a link
Processing file: 2
file 10 already has a link
Processing file: 3
file 11 already has a link
Processing file: 4
file 12 already has a link
Processing file: 5
file 13 already has a link
Processing file: 6
file 14 already has a link
Processing file: 7
file 15 already has a link
Processing file: 8
file 16 already has a link
Processing file: 9
file 17 already has a link
Processing file: 10
file 18 already has a link
Processing file: 11
file 19 already has a link
Processing file: 12
file 2 already has a link
Processing file: 13
file 20 already has a link
Processing file: 14
file 21 already has a link
Processing file: 15
file 22 already has a link
Processing file: 16
file 23 already has a link
Processing file: 17
file 24 already has a link
Processing file: 18
file 25 already has a link
Processing file: 19
file 26 already has a link
Processing file: 20
file 27 already has a link
Processing file: 21
file 28 already has a link
Processing file: 22
file 29 already has a link
Processing file: 23
file 3 already has a link
Processing file: 24
file 30 already has a link
Processing file: 25
file 31 already has a link
Processing file: 26
file 32 already has a link
Processing file: 27
file 33 already has a link
Processing file: 28
file 34 already has a link
Processing file: 29
file 35 already has a link
Processing file: 30
file 36 already has a link
Processing file: 31
file 37 already has a link
Processing file: 32
file 38 already has a link
Processing file: 33
file 39 already has a link
Processing file: 34
file 4 already has a link
Processing file: 35
file 40 already has a link
Processing file: 36
file 41 already has a link
Processing file: 37
file 42 already has a link
Processing file: 38
file 43 already has a link
Processing file: 39
file 44 already has a link
Processing file: 40
file 45 already has a link
Processing file: 41
file 46 already has a link
Processing file: 42
file 47 already has a link
Processing file: 43
file 48 already has a link
Processing file: 44
file 49 already has a link
Processing file: 45
file 5 already has a link
Processing file: 46
file 50 already has a link
Processing file: 47
file 51 already has a link
Processing file: 48
file 52 already has a link
Processing file: 49
file 53 already has a link
Processing file: 50
file 54 already has a link
Processing file: 51
file 55 already has a link
Processing file: 52
file 56 already has a link
Processing file: 53
file 57 already has a link
Processing file: 54
file 58 already has a link
Processing file: 55
file 59 already has a link
Processing file: 56
file 6 already has a link
Processing file: 57
file 60 already has a link
Processing file: 58
file 61 already has a link
Processing file: 59
file 62 already has a link
Processing file: 60
file 63 already has a link
Processing file: 61
file 64 already has a link
Processing file: 62
file 65 already has a link
Processing file: 63
file 66 already has a link
Processing file: 64
file 67 already has a link
Processing file: 65
file 68 already has a link
Processing file: 66
file 69 already has a link
Processing file: 67
file 7 already has a link
Processing file: 68
file 70 already has a link
Processing file: 69
file 71 already has a link
Processing file: 70
file 72 already has a link
Processing file: 71
file 73 already has a link
Processing file: 72
file 74 already has a link
Processing file: 73
file 75 already has a link
Processing file: 74
file 76 already has a link
Processing file: 75
file 77 already has a link
Processing file: 76
file 8 already has a link
Processing file: 77
file 9 already has a link
Processing file: 78
file 0 already has a link
Processing file: 79
file 1 already has a link
Processing file: 80
file 2 already has a link
Processing file: 81
file 3 already has a link
Processing file: 82
file 4 already has a link
Processing file: 83
file 5 already has a link
Processing file: 84
file 6 already has a link
Processing file: 85
file 7 already has a link
Processing file: 86
file 8 already has a link
Processing file: 87
file 9 already has a link
Processing file: 88
file 10 already has a link
Processing file: 89
file 11 already has a link
Processing file: 90
file 12 already has a link
Processing file: 91
file 13 already has a link
Processing file: 92
file 14 already has a link
Processing file: 93
file 15 already has a link
Processing file: 94
file 16 already has a link
Processing file: 95
file 17 already has a link
Processing file: 96
file 18 already has a link
Processing file: 97
file 19 already has a link
Processing file: 98
file 20 already has a link
Processing file: 99
file 21 already has a link
Processing file: 100
file 22 already has a link
Processing file: 101
file 23 already has a link
Processing file: 102
file 24 already has a link
Processing file: 103
file 25 already has a link
Processing file: 104
file 26 already has a link
Processing file: 105
file 27 already has a link
Processing file: 106
file 28 already has a link
Processing file: 107
file 29 already has a link
Processing file: 108
file 30 already has a link
Processing file: 109
file 31 already has a link
Processing file: 110
file 32 already has a link
Processing file: 111
file 33 already has a link
Processing file: 112
file 34 already has a link
Processing file: 113
file 35 already has a link
Processing file: 114
file 36 already has a link
Processing file: 115
file 37 already has a link
Processing file: 116
file 38 already has a link
Processing file: 117
file 39 already has a link
Processing file: 118
file 40 already has a link
Processing file: 119
file 41 already has a link
Processing file: 120
file 42 already has a link
Processing file: 121
file 43 already has a link
Processing file: 122
file 44 already has a link
Processing file: 123
file 45 already has a link
Processing file: 124
file 46 already has a link
Processing file: 125
file 47 already has a link
Processing file: 126
file 48 already has a link
Processing file: 127
file 49 already has a link
Processing file: 128
file 50 already has a link
Processing file: 129
file 51 already has a link
Processing file: 130
file 52 already has a link
Processing file: 131
file 53 already has a link
Processing file: 132
file 54 already has a link
Processing file: 133
file 55 already has a link
Processing file: 134
file 56 already has a link
Processing file: 135
file 57 already has a link
Processing file: 136
file 58 already has a link
Processing file: 137
file 59 already has a link
Processing file: 138
file 60 already has a link
Processing file: 139
file 61 already has a link
Processing file: 140
file 62 already has a link
Processing file: 141
file 63 already has a link
Processing file: 142
file 64 already has a link
Processing file: 143
file 65 already has a link
Processing file: 144
file 66 already has a link
Processing file: 145
file 67 already has a link
Processing file: 146
file 68 already has a link
Processing file: 147
file 69 already has a link
Processing file: 148
file 70 already has a link
Processing file: 149
file 71 already has a link
Processing file: 150
file 72 already has a link
Processing file: 151
file 73 already has a link
Processing file: 152
file 74 already has a link
Processing file: 153
file 75 already has a link
Processing file: 154
file 76 already has a link
Processing file: 155
file 77 already has a link
Writing indices 0-9
Writing indices 10-19
Writing indices 20-29
Writing indices 30-39
Writing indices 40-49
Writing indices 50-59
Writing indices 60-69
Writing indices 70-77
Done. Successful = true.
ended at: 2021-11-23T13:10:04.101Z. time taken: 00:02:12
